<html>
<head>
<title>TestNG:  Default test</title>
<link href="../testng.css" rel="stylesheet" type="text/css" />
<link href="../my-testng.css" rel="stylesheet" type="text/css" />

<style type="text/css">
.log { display: none;} 
.stack-trace { display: none;} 
</style>
<script type="text/javascript">
<!--
function flip(e) {
  current = e.style.display;
  if (current == 'block') {
    e.style.display = 'none';
    return 0;
  }
  else {
    e.style.display = 'block';
    return 1;
  }
}

function toggleBox(szDivId, elem, msg1, msg2)
{
  var res = -1;  if (document.getElementById) {
    res = flip(document.getElementById(szDivId));
  }
  else if (document.all) {
    // this is the way old msie versions work
    res = flip(document.all[szDivId]);
  }
  if(elem) {
    if(res == 0) elem.innerHTML = msg1; else elem.innerHTML = msg2;
  }

}

function toggleAllBoxes() {
  if (document.getElementsByTagName) {
    d = document.getElementsByTagName('div');
    for (i = 0; i < d.length; i++) {
      if (d[i].className == 'log') {
        flip(d[i]);
      }
    }
  }
}

// -->
</script>

</head>
<body>
<h2 align='center'>Default test</h2><table border='1' align="center">
<tr>
<td>Tests passed/Failed/Skipped:</td><td>10/0/0</td>
</tr><tr>
<td>Started on:</td><td>Fri Dec 27 16:39:56 MSK 2019</td>
</tr>
<tr><td>Total time:</td><td>1 seconds (1631 ms)</td>
</tr><tr>
<td>Included groups:</td><td></td>
</tr><tr>
<td>Excluded groups:</td><td></td>
</tr>
</table><p/>
<small><i>(Hover the method name to see the test class name)</i></small><p/>
<table width='100%' border='1' class='invocation-passed'>
<tr><td colspan='4' align='center'><b>PASSED TESTS</b></td></tr>
<tr><td><b>Test method</b></td>
<td width="30%"><b>Exception</b></td>
<td width="10%"><b>Time (seconds)</b></td>
<td><b>Instance</b></td>
</tr>
<tr>
<td title='test.kononov.parsing.factory.BuilderFactoryTest.buildGemsDOMBuilderTest()'><b>buildGemsDOMBuilderTest</b><br>Test class: test.kononov.parsing.factory.BuilderFactoryTest<br>Test method: Gems DOM_Builder test</td>
<td></td>
<td>0</td>
<td>test.kononov.parsing.factory.BuilderFactoryTest@4cf4d528</td></tr>
<tr>
<td title='test.kononov.parsing.factory.BuilderFactoryTest.buildGemsSAXBuilderTest()'><b>buildGemsSAXBuilderTest</b><br>Test class: test.kononov.parsing.factory.BuilderFactoryTest<br>Test method: Gems SAX_Builder test</td>
<td></td>
<td>0</td>
<td>test.kononov.parsing.factory.BuilderFactoryTest@4cf4d528</td></tr>
<tr>
<td title='test.kononov.parsing.factory.BuilderFactoryTest.buildGemsStAXBuilderTest()'><b>buildGemsStAXBuilderTest</b><br>Test class: test.kononov.parsing.factory.BuilderFactoryTest<br>Test method: Gems StAX_Builder test without Name and Preciousness fields</td>
<td></td>
<td>0</td>
<td>test.kononov.parsing.factory.BuilderFactoryTest@4cf4d528</td></tr>
<tr>
<td title='test.kononov.parsing.service.CommandProviderTest.defineCommandTest()'><b>defineCommandTest</b><br>Test class: test.kononov.parsing.service.CommandProviderTest<br>Test method: command factory fest, default command 'HOME'</td>
<td></td>
<td>0</td>
<td>test.kononov.parsing.service.CommandProviderTest@548ad73b</td></tr>
<tr>
<td title='test.kononov.parsing.command.ParsingCommandTest.executeTest()'><b>executeTest</b><br>Test class: test.kononov.parsing.command.ParsingCommandTest<br>Test method: positive ParsingCommand.class test; use mock</td>
<td></td>
<td>0</td>
<td>test.kononov.parsing.command.ParsingCommandTest@77846d2c</td></tr>
<tr>
<td title='test.kononov.parsing.command.HomeCommandTest.executeTest()'><b>executeTest</b><br>Test class: test.kononov.parsing.command.HomeCommandTest<br>Test method: positive BackCommand.class test; use mock</td>
<td></td>
<td>0</td>
<td>test.kononov.parsing.command.HomeCommandTest@4c762604</td></tr>
<tr>
<td title='test.kononov.parsing.validator.ErrorHandlerTest.getLineAddressTest()'><b>getLineAddressTest</b><br>Test class: test.kononov.parsing.validator.ErrorHandlerTest<br>Test method: GemErrorHandler test</td>
<td><div><pre>org.xml.sax.SAXException: test
org.xml.sax.SAXParseExceptionpublicId: test; systemId: test; lineNumber: 2; columnNumber: 2; test
	at by.kononov.parsing.validator.GemErrorHandler.error(GemErrorHandler.java:21)
	at test.kononov.parsing.validator.ErrorHandlerTest.getLineAddressTest(ErrorHandlerTest.java:29)
	at sun.reflect.NativeMethodAccessorImpl.invoke0(Native Method)
	at sun.reflect.NativeMethodAccessorImpl.invoke(Unknown Source)
	at sun.reflect.DelegatingMethodAccessorImpl.invoke(Unknown Source)
	at java.lang.reflect.Method.invoke(Unknown Source)
	at org.testng.internal.MethodInvocationHelper.invokeMethod(MethodInvocationHelper.java:133)
	at org.testng.internal.TestInvoker.invokeMethod(TestInvoker.java:584)
	at org.testng.internal.TestInvoker.invokeTestMethod(TestInvoker.java:172)
	at org.testng.internal.MethodRunner.runInSequence(MethodRunner.java:46)
	at org.testng.internal.TestInvoker$MethodInvocationAgent.invoke(TestInvoker.java:804)
	at org.testng.internal.TestInvoker.invokeTestMethods(TestInvoker.java:145)
	at org.testng.internal.TestMethodWorker.invokeTestMethods(TestMethodWorker.java:146)
	at org.testng.internal.TestMethodWorker.run(TestMethodWorker.java:128)
	at java.util.ArrayList.forEach(Unknown Source)
	at org.testng.TestRunner.privateRun(TestRunner.java:770)
	at org.testng.TestRunner.run(TestRunner.java:591)
	at org.testng.SuiteRunner.runTest(SuiteRunner.java:402)
	at org.testng.SuiteRunner.runSequentially(SuiteRunner.java:396)
	at org.testng.SuiteRunner.privateRun(SuiteRunner.java:355)
	at org.testng.SuiteRunner.run(SuiteRunner.java:304)
	at org.testng.SuiteRunnerWorker.runSuite(SuiteRunnerWorker.java:53)
	at org.testng.SuiteRunnerWorker.run(SuiteRunnerWorker.java:96)
	at org.testng.TestNG.runSuitesSequentially(TestNG.java:1180)
	at org.testng.TestNG.runSuitesLocally(TestNG.java:1102)
	at org.testng.TestNG.runSuites(TestNG.java:1032)
	at org.testng.TestNG.run(TestNG.java:1000)
	at org.testng.remote.AbstractRemoteTestNG.run(AbstractRemoteTestNG.java:115)
	at org.testng.remote.RemoteTestNG.initAndRun(RemoteTestNG.java:251)
	at org.testng.remote.RemoteTestNG.main(RemoteTestNG.java:77)
Caused by: org.xml.sax.SAXParseExceptionpublicId: test; systemId: test; lineNumber: 2; columnNumber: 2; test
	at test.kononov.parsing.validator.ErrorHandlerTest.setUp(ErrorHandlerTest.java:18)
	at sun.reflect.NativeMethodAccessorImpl.invoke0(Native Method)
	at sun.reflect.NativeMethodAccessorImpl.invoke(Unknown Source)
	at sun.reflect.DelegatingMethodAccessorImpl.invoke(Unknown Source)
	at java.lang.reflect.Method.invoke(Unknown Source)
	at org.testng.internal.MethodInvocationHelper.invokeMethod(MethodInvocationHelper.java:133)
	at org.testng.internal.MethodInvocationHelper.invokeMethodConsideringTimeout(MethodInvocationHelper.java:62)
	at org.testng.internal.ConfigInvoker.invokeConfigurationMethod(ConfigInvoker.java:340)
	at org.testng.internal.ConfigInvoker.invokeConfigurations(ConfigInvoker.java:294)
	at org.testng.internal.TestMethodWorker.invokeBeforeClassMethods(TestMethodWorker.java:176)
	at org.testng.internal.TestMethodWorker.run(TestMethodWorker.java:122)
	... 16 more
</pre></div><a href='#' onClick='toggleBox("stack-trace1808432653", this, "Click to show all stack frames", "Click to hide stack frames")'>Click to show all stack frames</a>
<div class='stack-trace' id='stack-trace1808432653'><pre>org.xml.sax.SAXException: test
org.xml.sax.SAXParseExceptionpublicId: test; systemId: test; lineNumber: 2; columnNumber: 2; test
	at by.kononov.parsing.validator.GemErrorHandler.error(GemErrorHandler.java:21)
	at test.kononov.parsing.validator.ErrorHandlerTest.getLineAddressTest(ErrorHandlerTest.java:29)
	at sun.reflect.NativeMethodAccessorImpl.invoke0(Native Method)
	at sun.reflect.NativeMethodAccessorImpl.invoke(Unknown Source)
	at sun.reflect.DelegatingMethodAccessorImpl.invoke(Unknown Source)
	at java.lang.reflect.Method.invoke(Unknown Source)
	at org.testng.internal.MethodInvocationHelper.invokeMethod(MethodInvocationHelper.java:133)
	at org.testng.internal.TestInvoker.invokeMethod(TestInvoker.java:584)
	at org.testng.internal.TestInvoker.invokeTestMethod(TestInvoker.java:172)
	at org.testng.internal.MethodRunner.runInSequence(MethodRunner.java:46)
	at org.testng.internal.TestInvoker$MethodInvocationAgent.invoke(TestInvoker.java:804)
	at org.testng.internal.TestInvoker.invokeTestMethods(TestInvoker.java:145)
	at org.testng.internal.TestMethodWorker.invokeTestMethods(TestMethodWorker.java:146)
	at org.testng.internal.TestMethodWorker.run(TestMethodWorker.java:128)
	at java.util.ArrayList.forEach(Unknown Source)
	at org.testng.TestRunner.privateRun(TestRunner.java:770)
	at org.testng.TestRunner.run(TestRunner.java:591)
	at org.testng.SuiteRunner.runTest(SuiteRunner.java:402)
	at org.testng.SuiteRunner.runSequentially(SuiteRunner.java:396)
	at org.testng.SuiteRunner.privateRun(SuiteRunner.java:355)
	at org.testng.SuiteRunner.run(SuiteRunner.java:304)
	at org.testng.SuiteRunnerWorker.runSuite(SuiteRunnerWorker.java:53)
	at org.testng.SuiteRunnerWorker.run(SuiteRunnerWorker.java:96)
	at org.testng.TestNG.runSuitesSequentially(TestNG.java:1180)
	at org.testng.TestNG.runSuitesLocally(TestNG.java:1102)
	at org.testng.TestNG.runSuites(TestNG.java:1032)
	at org.testng.TestNG.run(TestNG.java:1000)
	at org.testng.remote.AbstractRemoteTestNG.run(AbstractRemoteTestNG.java:115)
	at org.testng.remote.RemoteTestNG.initAndRun(RemoteTestNG.java:251)
	at org.testng.remote.RemoteTestNG.main(RemoteTestNG.java:77)
Caused by: org.xml.sax.SAXParseExceptionpublicId: test; systemId: test; lineNumber: 2; columnNumber: 2; test
	at test.kononov.parsing.validator.ErrorHandlerTest.setUp(ErrorHandlerTest.java:18)
	at sun.reflect.NativeMethodAccessorImpl.invoke0(Native Method)
	at sun.reflect.NativeMethodAccessorImpl.invoke(Unknown Source)
	at sun.reflect.DelegatingMethodAccessorImpl.invoke(Unknown Source)
	at java.lang.reflect.Method.invoke(Unknown Source)
	at org.testng.internal.MethodInvocationHelper.invokeMethod(MethodInvocationHelper.java:133)
	at org.testng.internal.MethodInvocationHelper.invokeMethodConsideringTimeout(MethodInvocationHelper.java:62)
	at org.testng.internal.ConfigInvoker.invokeConfigurationMethod(ConfigInvoker.java:340)
	at org.testng.internal.ConfigInvoker.invokeConfigurations(ConfigInvoker.java:294)
	at org.testng.internal.TestMethodWorker.invokeBeforeClassMethods(TestMethodWorker.java:176)
	at org.testng.internal.TestMethodWorker.run(TestMethodWorker.java:122)
	... 16 more
</pre></div></td>
<td>0</td>
<td>test.kononov.parsing.validator.ErrorHandlerTest@727803de</td></tr>
<tr>
<td title='test.kononov.parsing.service.ParsingLogicTest.receiveGemListTest()'><b>receiveGemListTest</b><br>Test class: test.kononov.parsing.service.ParsingLogicTest<br>Test method: ParsingCommandLogic.class receiveGemList() method test</td>
<td></td>
<td>0</td>
<td>test.kononov.parsing.service.ParsingLogicTest@2641e737</td></tr>
<tr>
<td title='test.kononov.parsing.validator.XsdValidatorTest.validateNegativeXSD()'><b>validateNegativeXSD</b><br>Test class: test.kononov.parsing.validator.XsdValidatorTest<br>Test method: validation of xsd</td>
<td></td>
<td>0</td>
<td>test.kononov.parsing.validator.XsdValidatorTest@704921a5</td></tr>
<tr>
<td title='test.kononov.parsing.validator.XsdValidatorTest.validatePositiveXSD()'><b>validatePositiveXSD</b><br>Test class: test.kononov.parsing.validator.XsdValidatorTest<br>Test method: validation of xsd</td>
<td></td>
<td>0</td>
<td>test.kononov.parsing.validator.XsdValidatorTest@704921a5</td></tr>
</table><p>
</body>
</html>